<?xml version="1.0" encoding="utf-8"?><testsuites name="pytest tests"><testsuite name="pytest" errors="0" failures="0" skipped="1" tests="9" time="6.031" timestamp="2026-09-22T18:06:47.910991+00:00" hostname="agent-env-5372ebe1-fe1e-4fad-bde2-1c5adcfd15a0"><testcase classname="tests.test_iteration3.TestWebhookFormats" name="test_put_and_get_webhook_formats" time="0.760" /><testcase classname="tests.test_iteration3.TestWebhookFormats" name="test_notifications_test_returns_format_and_ok" time="0.642" /><testcase classname="tests.test_iteration3.TestServerOverrides" name="test_create_with_overrides" time="0.161" /><testcase classname="tests.test_iteration3.TestServerOverrides" name="test_update_overrides" time="0.088" /><testcase classname="tests.test_iteration3.TestServerOverrides" name="test_create_without_overrides_defaults_nulls" time="0.087" /><testcase classname="tests.test_iteration3.TestLatencyOverride" name="test_latency_override_triggers_activity" time="1.867" /><testcase classname="tests.test_iteration3.TestIncidentComments" name="test_add_delete_comment" time="0.500" /><testcase classname="tests.test_iteration3.TestPublicStatus" name="test_public_status_sanitizes_comments" time="1.566"><skipped type="pytest.skip" message="no activity for this server yet">/app/backend/tests/test_iteration3.py:212: no activity for this server yet</skipped></testcase><testcase classname="tests.test_iteration3" name="test_zzz_cleanup" time="0.284" /></testsuite></testsuites>