<?xml version="1.0" encoding="utf-8"?><testsuites name="pytest tests"><testsuite name="pytest" errors="0" failures="0" skipped="0" tests="15" time="9.658" timestamp="2026-09-22T17:51:04.681477+00:00" hostname="agent-env-5372ebe1-fe1e-4fad-bde2-1c5adcfd15a0"><testcase classname="tests.test_iteration2.TestNotificationSettings" name="test_get_shape" time="0.718" /><testcase classname="tests.test_iteration2.TestNotificationSettings" name="test_put_webhooks_smtp_slug" time="0.117" /><testcase classname="tests.test_iteration2.TestNotificationSettings" name="test_notifications_test_endpoint" time="0.373" /><testcase classname="tests.test_iteration2.TestUptimeHistory" name="test_history_days_default" time="0.092" /><testcase classname="tests.test_iteration2.TestUptimeHistory" name="test_history_7d" time="0.184" /><testcase classname="tests.test_iteration2.TestPublicStatusPage" name="test_disabled_returns_404" time="0.374" /><testcase classname="tests.test_iteration2.TestPublicStatusPage" name="test_enabled_with_public_server" time="0.993" /><testcase classname="tests.test_iteration2.TestBackup" name="test_export_shape" time="0.096" /><testcase classname="tests.test_iteration2.TestBackup" name="test_import_upsert" time="0.641" /><testcase classname="tests.test_iteration2.TestDigest" name="test_digest_email_disabled" time="0.318" /><testcase classname="tests.test_iteration2.TestDigest" name="test_digest_email_enabled" time="0.666" /><testcase classname="tests.test_iteration2.TestMetricAlerts" name="test_cpu_high_and_recover" time="3.809" /><testcase classname="tests.test_iteration2.TestMetricAlerts" name="test_latency_path_no_crash" time="0.491" /><testcase classname="tests.test_iteration2.TestPublicFlag" name="test_server_public_flag" time="0.393" /><testcase classname="tests.test_iteration2.TestPublicFlag" name="test_domain_public_flag" time="0.306" /></testsuite></testsuites>