<?xml version="1.0" encoding="utf-8"?><testsuites name="pytest tests"><testsuite name="pytest" errors="0" failures="0" skipped="0" tests="10" time="6.229" timestamp="2026-09-22T18:23:05.469203+00:00" hostname="agent-env-5372ebe1-fe1e-4fad-bde2-1c5adcfd15a0"><testcase classname="tests.test_iteration4.TestWSSSH" name="test_unauth_rejected" time="0.259" /><testcase classname="tests.test_iteration4.TestTerminalTargets" name="test_list_targets" time="0.779" /><testcase classname="tests.test_iteration4.TestWSSSH" name="test_adhoc_connect_and_echo" time="1.145" /><testcase classname="tests.test_iteration4.TestTerminalTargets" name="test_vault_ssh_key_appears" time="0.150" /><testcase classname="tests.test_iteration4.TestTerminalTargets" name="test_zzz_cleanup" time="0.078" /><testcase classname="tests.test_iteration4.TestBranding" name="test_branding_unauth" time="0.139" /><testcase classname="tests.test_iteration4.TestBranding" name="test_update_branding_persists" time="0.531" /><testcase classname="tests.test_iteration4.TestWSSSH" name="test_wrong_password_error" time="3.274" /><testcase classname="tests.test_iteration4.TestWSSSH" name="test_missing_host_error" time="0.288" /><testcase classname="tests.test_iteration4.TestWSSSH" name="test_vault_source_connect" time="0.713" /></testsuite></testsuites>